<?xml version="1.0" encoding="UTF-8"?>
<!-- Generated by org.testng.reporters.JUnitXMLReporter -->
<testsuite ignored="0" hostname="YADHU" failures="2" tests="7" name="Default test" time="13.251" errors="0" timestamp="2025-09-26T18:56:13 CEST">
  <testcase classname="io.cucumber.testng.AbstractTestNGCucumberTests" name="runScenario" time="8.943"/>
  <testcase classname="io.cucumber.testng.AbstractTestNGCucumberTests" name="runScenario" time="9.297"/>
  <testcase classname="io.cucumber.testng.AbstractTestNGCucumberTests" name="runScenario" time="10.769"/>
  <testcase classname="io.cucumber.testng.AbstractTestNGCucumberTests" name="runScenario" time="10.828">
    <failure type="java.lang.AssertionError" message="expected [no data] but found [mushroom]">
      <![CDATA[java.lang.AssertionError: expected [no data] but found [mushroom]
at org.testng.Assert.fail(Assert.java:111)
at org.testng.Assert.failNotEquals(Assert.java:1590)
at org.testng.Assert.assertEqualsImpl(Assert.java:150)
at org.testng.Assert.assertEquals(Assert.java:132)
at org.testng.Assert.assertEquals(Assert.java:656)
at org.testng.Assert.assertEquals(Assert.java:666)
at stepDefinitions.TopDeals.check_if_element_exist(TopDeals.java:38)
at ✽.Check if element exist(file:///C:/Users/yadhu/eclipse-workspace/MyTest/GreenKart/src/test/resources/FeatureFiles/checkTopDeals.feature:8)
]]>
    </failure>
  </testcase> <!-- runScenario -->
  <testcase classname="io.cucumber.testng.AbstractTestNGCucumberTests" name="runScenario" time="10.956"/>
  <testcase classname="io.cucumber.testng.AbstractTestNGCucumberTests" name="runScenario" time="10.971"/>
  <testcase classname="io.cucumber.testng.AbstractTestNGCucumberTests" name="runScenario" time="11.023">
    <failure type="java.lang.AssertionError" message="expected [no data] but found [cucumber]">
      <![CDATA[java.lang.AssertionError: expected [no data] but found [cucumber]
at org.testng.Assert.fail(Assert.java:111)
at org.testng.Assert.failNotEquals(Assert.java:1590)
at org.testng.Assert.assertEqualsImpl(Assert.java:150)
at org.testng.Assert.assertEquals(Assert.java:132)
at org.testng.Assert.assertEquals(Assert.java:656)
at org.testng.Assert.assertEquals(Assert.java:666)
at stepDefinitions.TopDeals.check_if_element_exist(TopDeals.java:38)
at ✽.Check if element exist(file:///C:/Users/yadhu/eclipse-workspace/MyTest/GreenKart/src/test/resources/FeatureFiles/checkTopDeals.feature:8)
]]>
    </failure>
  </testcase> <!-- runScenario -->
</testsuite> <!-- Default test -->
