<?xml version="1.0" encoding="UTF-8"?>
<!-- Generated by org.testng.reporters.JUnitXMLReporter -->
<testsuite ignored="0" hostname="YADHU" failures="2" tests="7" name="Default test" time="37.615" errors="0" timestamp="2025-09-26T13:46:08 CEST">
  <testcase classname="io.cucumber.testng.AbstractTestNGCucumberTests" name="runScenario" time="13.28"/>
  <testcase classname="io.cucumber.testng.AbstractTestNGCucumberTests" name="runScenario" time="14.101"/>
  <testcase classname="io.cucumber.testng.AbstractTestNGCucumberTests" name="runScenario" time="24.863">
    <failure type="java.lang.AssertionError" message="expected [no data] but found [cucumber]">
      <![CDATA[java.lang.AssertionError: expected [no data] but found [cucumber]
at org.testng.Assert.fail(Assert.java:111)
at org.testng.Assert.failNotEquals(Assert.java:1590)
at org.testng.Assert.assertEqualsImpl(Assert.java:150)
at org.testng.Assert.assertEquals(Assert.java:132)
at org.testng.Assert.assertEquals(Assert.java:656)
at org.testng.Assert.assertEquals(Assert.java:666)
at stepDefinitions.TopDeals.check_if_element_exist(TopDeals.java:38)
at ✽.Check if element exist(file:///C:/Users/yadhu/eclipse-workspace/MyTest/GreenKart/src/test/resources/FeatureFiles/checkTopDeals.feature:8)
]]>
    </failure>
  </testcase> <!-- runScenario -->
  <testcase classname="io.cucumber.testng.AbstractTestNGCucumberTests" name="runScenario" time="29.148"/>
  <testcase classname="io.cucumber.testng.AbstractTestNGCucumberTests" name="runScenario" time="30.121">
    <failure type="java.lang.AssertionError" message="expected [no data] but found [mushroom]">
      <![CDATA[java.lang.AssertionError: expected [no data] but found [mushroom]
at org.testng.Assert.fail(Assert.java:111)
at org.testng.Assert.failNotEquals(Assert.java:1590)
at org.testng.Assert.assertEqualsImpl(Assert.java:150)
at org.testng.Assert.assertEquals(Assert.java:132)
at org.testng.Assert.assertEquals(Assert.java:656)
at org.testng.Assert.assertEquals(Assert.java:666)
at stepDefinitions.TopDeals.check_if_element_exist(TopDeals.java:38)
at ✽.Check if element exist(file:///C:/Users/yadhu/eclipse-workspace/MyTest/GreenKart/src/test/resources/FeatureFiles/checkTopDeals.feature:8)
]]>
    </failure>
  </testcase> <!-- runScenario -->
  <testcase classname="io.cucumber.testng.AbstractTestNGCucumberTests" name="runScenario" time="33.446"/>
  <testcase classname="io.cucumber.testng.AbstractTestNGCucumberTests" name="runScenario" time="35.774"/>
</testsuite> <!-- Default test -->
