<?xml version="1.0" encoding="UTF-8"?>
<testsuite xmlns:xsi="http://www.w3.org/2001/XMLSchema-instance" xsi:noNamespaceSchemaLocation="https://maven.apache.org/surefire/maven-surefire-plugin/xsd/surefire-test-report-3.0.xsd" version="3.0" name="TestSuite" time="11.017" tests="1" errors="0" skipped="0" failures="0">
  <properties>
[...]
</properties>
  <testcase name="runScenario[&quot;Search for a product and add to cart&quot;, &quot;choose a product and add it to the cart&quot;](1)" classname="testRunner.MyRunnerTest" time="8.71">
    <system-out><![CDATA[
@add2cart
Scenario: Search for a product and add to cart # src/test/resources/FeatureFiles/add2Cart.feature:4
  Given User is on GreenKart home page         # stepDefinitions.AddToCart.user_is_on_green_kart_home_page()
  When Search with "Car" for Carrot            # stepDefinitions.AddToCart.search_with_for_carrot(java.lang.String)
  And Add the "3"                              # stepDefinitions.AddToCart.add_the(java.lang.String)
  And Add the product to cart                  # stepDefinitions.AddToCart.add_the_product_to_cart()
  And Go to the Cart                           # stepDefinitions.AddToCart.go_to_the_cart()
  Then Product is succesfully added            # stepDefinitions.AddToCart.product_is_succesfully_added()
{}
]]></system-out>
    <system-err><![CDATA[SLF4J(W): No SLF4J providers were found.
SLF4J(W): Defaulting to no-operation (NOP) logger implementation
SLF4J(W): See https://www.slf4j.org/codes.html#noProviders for further details.
]]></system-err>
  </testcase>
</testsuite>