<?xml version="1.0" encoding="UTF-8"?>
<testng-results ignored="0" total="1" passed="1" failed="0" skipped="0">
  <reporter-output>
  </reporter-output>
  <suite started-at="2025-08-07T13:22:34 CEST" name="Surefire suite" finished-at="2025-08-07T13:22:45 CEST" duration-ms="10498">
    <groups>
      <group name="cucumber">
        <method signature="AbstractTestNGCucumberTests.runScenario(io.cucumber.testng.PickleWrapper,io.cucumber.testng.FeatureWrapper)[pri:0, instance:testRunner.MyRunnerTest@1ffe63b9]" name="runScenario" class="io.cucumber.testng.AbstractTestNGCucumberTests"/>
      </group> <!-- cucumber -->
    </groups>
    <test started-at="2025-08-07T13:22:34 CEST" name="Surefire test" finished-at="2025-08-07T13:22:45 CEST" duration-ms="10498">
      <class name="testRunner.MyRunnerTest">
        <test-method is-config="true" signature="setUpClass(org.testng.ITestContext)[pri:0, instance:testRunner.MyRunnerTest@1ffe63b9]" started-at="2025-08-07T13:22:34 CEST" name="setUpClass" finished-at="2025-08-07T13:22:35 CEST" duration-ms="966" status="PASS">
          <params>
            <param index="0">
              <value>
                <![CDATA[org.testng.TestRunner@4a55a6e8]]>
              </value>
            </param>
          </params>
          <reporter-output>
          </reporter-output>
        </test-method> <!-- setUpClass -->
        <test-method signature="runScenario(io.cucumber.testng.PickleWrapper,io.cucumber.testng.FeatureWrapper)[pri:0, instance:testRunner.MyRunnerTest@1ffe63b9]" started-at="2025-08-07T13:22:35 CEST" name="runScenario" description="Runs Cucumber Scenarios" data-provider="scenarios" finished-at="2025-08-07T13:22:44 CEST" duration-ms="8710" status="PASS">
          <params>
            <param index="0">
              <value>
                <![CDATA["Search for a product and add to cart"]]>
              </value>
            </param>
            <param index="1">
              <value>
                <![CDATA["choose a product and add it to the cart"]]>
              </value>
            </param>
          </params>
          <reporter-output>
          </reporter-output>
        </test-method> <!-- runScenario -->
        <test-method is-config="true" signature="tearDownClass()[pri:0, instance:testRunner.MyRunnerTest@1ffe63b9]" started-at="2025-08-07T13:22:44 CEST" name="tearDownClass" finished-at="2025-08-07T13:22:45 CEST" duration-ms="763" status="PASS">
          <reporter-output>
          </reporter-output>
        </test-method> <!-- tearDownClass -->
      </class> <!-- testRunner.MyRunnerTest -->
    </test> <!-- Surefire test -->
  </suite> <!-- Surefire suite -->
</testng-results>
